<?xml version="1.0" encoding="UTF-8"?>
<testsuite name="CSVReaderTest" tests="1" skipped="0" failures="0" errors="0" timestamp="2023-05-23T19:16:42" hostname="DESKTOP-5P8TPFM" time="0.073">
  <properties/>
  <testcase name="lese ausgaben.csv und die GrÃ¶ÃŸe betrÃ¤gt 6" classname="CSVReaderTest" time="0.073"/>
  <system-out><![CDATA[]]></system-out>
  <system-err><![CDATA[]]></system-err>
</testsuite>
