<?xml version="1.0" encoding="UTF-8"?>
<testsuite name="AusgabenRechnerTest" tests="1" skipped="0" failures="0" errors="0" timestamp="2023-05-25T21:35:42" hostname="DESKTOP-5P8TPFM" time="0.025">
  <properties/>
  <testcase name="printe Schulden von ausgaben.csv" classname="AusgabenRechnerTest" time="0.025"/>
  <system-out><![CDATA[[Tiet schuldet Hung 165.6 Euro, Gaby schuldet Hung 123.79999999999998 Euro, Gaby schuldet Willy 38.80000000000001 Euro, Tim schuldet Willy 70.6 Euro]
]]></system-out>
  <system-err><![CDATA[]]></system-err>
</testsuite>
